<?xml version="1.0" encoding="UTF-8"?>
<testsuite xmlns:xsi="http://www.w3.org/2001/XMLSchema-instance" xsi:noNamespaceSchemaLocation="https://maven.apache.org/surefire/maven-surefire-plugin/xsd/surefire-test-report.xsd" name="jobshop.encodings.GreedySolverTests" time="0.011" tests="4" errors="0" skipped="0" failures="0">
  <properties>
[...]
</properties>
  <testcase name="testGreedySolveLRPT" classname="jobshop.encodings.GreedySolverTests" time="0"/>
  <testcase name="testGreedySolveEST_LRPT" classname="jobshop.encodings.GreedySolverTests" time="0.001"/>
  <testcase name="testGreedySolveEST_SPT" classname="jobshop.encodings.GreedySolverTests" time="0.005"/>
  <testcase name="testGreedySolveSPT" classname="jobshop.encodings.GreedySolverTests" time="0.005"/>
</testsuite>